<?xml version="1.0" encoding="UTF-8"?>
<!-- Generated by org.testng.reporters.JUnitXMLReporter -->
<testsuite ignored="0" hostname="LD-DiptiRanjan" failures="0" tests="4" name="Test" time="0.053" errors="0" timestamp="2023-05-11T11:28:02 IST">
  <testcase classname="TESTNG_framework.TestAnnotation" name="CompareStrings" time="0.006"/>
  <testcase classname="TESTNG_framework.TestAnnotation" name="ArrayDisp" time="0.001"/>
  <testcase classname="TESTNG_framework.TestAnnotation" name="NameOfTrainer" time="0.001"/>
  <testcase classname="TESTNG_framework.TestAnnotation" name="student" time="0.001"/>
</testsuite> <!-- Test -->
